#
# There is insufficient memory for the Java Runtime Environment to continue.
# Native memory allocation (mmap) failed to map 268435456 bytes for G1 virtual space
# Possible reasons:
#   The system is out of physical RAM or swap space
#   The process is running with CompressedOops enabled, and the Java Heap may be blocking the growth of the native heap
# Possible solutions:
#   Reduce memory load on the system
#   Increase physical memory or swap space
#   Check if swap backing store is full
#   Decrease Java heap size (-Xmx/-Xms)
#   Decrease number of Java threads
#   Decrease Java thread stack sizes (-Xss)
#   Set larger code cache with -XX:ReservedCodeCacheSize=
#   JVM is running with Zero Based Compressed Oops mode in which the Java heap is
#     placed in the first 32GB address space. The Java Heap base address is the
#     maximum limit for the native heap growth. Please use -XX:HeapBaseMinAddress
#     to set the Java Heap base and to place the Java Heap above 32GB virtual address.
# This output file may be truncated or incomplete.
#
#  Out of Memory Error (os_windows.cpp:3760), pid=61528, tid=51856
#
# JRE version:  (17.0.5+1) (build )
# Java VM: OpenJDK 64-Bit Server VM (17.0.5+1-b653.14, mixed mode, sharing, tiered, compressed oops, compressed class ptrs, g1 gc, windows-amd64)
# No core dump will be written. Minidumps are not enabled by default on client versions of Windows
#

---------------  S U M M A R Y ------------

Command Line: git4idea.http.GitAskPassApp Username for 'https://github.com': 

Host: Intel(R) Core(TM) i7-8550U CPU @ 1.80GHz, 8 cores, 15G,  Windows 11 , 64 bit Build 22621 (10.0.22621.1928)
Time: Fri Jul 21 11:08:10 2023 Eastern Daylight Time elapsed time: 0.181852 seconds (0d 0h 0m 0s)

---------------  T H R E A D  ---------------

Current thread (0x000001ab438abdc0):  JavaThread "Unknown thread" [_thread_in_vm, id=51856, stack(0x0000003234b00000,0x0000003234c00000)]

Stack: [0x0000003234b00000,0x0000003234c00000]
Native frames: (J=compiled Java code, j=interpreted, Vv=VM code, C=native code)
V  [jvm.dll+0x6830ca]
V  [jvm.dll+0x83f4c4]
V  [jvm.dll+0x840c6e]
V  [jvm.dll+0x8412d3]
V  [jvm.dll+0x2490b5]
V  [jvm.dll+0x67ff99]
V  [jvm.dll+0x6744aa]
V  [jvm.dll+0x308f2b]
V  [jvm.dll+0x3103e6]
V  [jvm.dll+0x36013e]
V  [jvm.dll+0x36036f]
V  [jvm.dll+0x2df018]
V  [jvm.dll+0x2dff84]
V  [jvm.dll+0x810d91]
V  [jvm.dll+0x36df31]
V  [jvm.dll+0x7f028c]
V  [jvm.dll+0x3f0cbf]
V  [jvm.dll+0x3f2801]
C  [jli.dll+0x526b]
C  [ucrtbase.dll+0x29363]
C  [KERNEL32.DLL+0x126ad]
C  [ntdll.dll+0x5aa68]


---------------  P R O C E S S  ---------------

Threads class SMR info:
_java_thread_list=0x00007ffe3ccb8f98, length=0, elements={
}

Java Threads: ( => current thread )

Other Threads:
  0x000001ab43917d80 GCTaskThread "GC Thread#0" [stack: 0x0000003234c00000,0x0000003234d00000] [id=62604]
  0x000001ab43929c70 ConcurrentGCThread "G1 Main Marker" [stack: 0x0000003234d00000,0x0000003234e00000] [id=56500]
  0x000001ab4392a680 ConcurrentGCThread "G1 Conc#0" [stack: 0x0000003234e00000,0x0000003234f00000] [id=56604]

[error occurred during error reporting (printing all threads), id 0xc0000005, EXCEPTION_ACCESS_VIOLATION (0xc0000005) at pc=0x00007ffe3c46fbd7]

VM state: not at safepoint (not fully initialized)

VM Mutex/Monitor currently owned by a thread:  ([mutex/lock_event])
[0x000001ab438a5c90] Heap_lock - owner thread: 0x000001ab438abdc0

Heap address: 0x0000000701c00000, size: 4068 MB, Compressed Oops mode: Zero based, Oop shift amount: 3

CDS archive(s) mapped at: [0x0000000000000000-0x0000000000000000-0x0000000000000000), size 0, SharedBaseAddress: 0x0000000800000000, ArchiveRelocationMode: 0.
Narrow klass base: 0x0000000000000000, Narrow klass shift: 0, Narrow klass range: 0x0

GC Precious Log:
<Empty>

Heap:
 garbage-first heap   total 0K, used 0K [0x0000000701c00000, 0x0000000800000000)
  region size 2048K, 0 young (0K), 0 survivors (0K)

[error occurred during error reporting (printing heap information), id 0xc0000005, EXCEPTION_ACCESS_VIOLATION (0xc0000005) at pc=0x00007ffe3c85cd59]

GC Heap History (0 events):
No events

Dll operation events (1 events):
Event: 0.129 Loaded shared library C:\Program Files\JetBrains\IntelliJ IDEA 2022.3\jbr\bin\java.dll

Deoptimization events (0 events):
No events

Classes unloaded (0 events):
No events

Classes redefined (0 events):
No events

Internal exceptions (0 events):
No events

VM Operations (0 events):
No events

Events (0 events):
No events


Dynamic libraries:
0x00007ff7afc60000 - 0x00007ff7afc6a000 	C:\Program Files\JetBrains\IntelliJ IDEA 2022.3\jbr\bin\java.exe
0x00007ffeb9950000 - 0x00007ffeb9b64000 	C:\WINDOWS\SYSTEM32\ntdll.dll
0x00007ffeb8ff0000 - 0x00007ffeb90b2000 	C:\WINDOWS\System32\KERNEL32.DLL
0x00007ffeb6d50000 - 0x00007ffeb70f3000 	C:\WINDOWS\System32\KERNELBASE.dll
0x00007ffeb7610000 - 0x00007ffeb7721000 	C:\WINDOWS\System32\ucrtbase.dll
0x00007ffe83450000 - 0x00007ffe83467000 	C:\Program Files\JetBrains\IntelliJ IDEA 2022.3\jbr\bin\jli.dll
0x00007ffe81540000 - 0x00007ffe8155b000 	C:\Program Files\JetBrains\IntelliJ IDEA 2022.3\jbr\bin\VCRUNTIME140.dll
0x00007ffeb81d0000 - 0x00007ffeb837a000 	C:\WINDOWS\System32\USER32.dll
0x00007ffeb5970000 - 0x00007ffeb5bfe000 	C:\WINDOWS\WinSxS\amd64_microsoft.windows.common-controls_6595b64144ccf1df_6.0.22621.1635_none_270f70857386168e\COMCTL32.dll
0x00007ffeb8b00000 - 0x00007ffeb8ba7000 	C:\WINDOWS\System32\msvcrt.dll
0x00007ffeb88d0000 - 0x00007ffeb88f9000 	C:\WINDOWS\System32\GDI32.dll
0x00007ffeb7420000 - 0x00007ffeb7446000 	C:\WINDOWS\System32\win32u.dll
0x00007ffeb7450000 - 0x00007ffeb7569000 	C:\WINDOWS\System32\gdi32full.dll
0x00007ffeb7570000 - 0x00007ffeb760a000 	C:\WINDOWS\System32\msvcp_win.dll
0x00007ffeb9280000 - 0x00007ffeb92b1000 	C:\WINDOWS\System32\IMM32.DLL
0x00007ffea2160000 - 0x00007ffea216c000 	C:\Program Files\JetBrains\IntelliJ IDEA 2022.3\jbr\bin\vcruntime140_1.dll
0x00007ffe6a600000 - 0x00007ffe6a68d000 	C:\Program Files\JetBrains\IntelliJ IDEA 2022.3\jbr\bin\msvcp140.dll
0x00007ffe3c180000 - 0x00007ffe3cdeb000 	C:\Program Files\JetBrains\IntelliJ IDEA 2022.3\jbr\bin\server\jvm.dll
0x00007ffeb8f40000 - 0x00007ffeb8fee000 	C:\WINDOWS\System32\ADVAPI32.dll
0x00007ffeb8680000 - 0x00007ffeb8724000 	C:\WINDOWS\System32\sechost.dll
0x00007ffeb89e0000 - 0x00007ffeb8af7000 	C:\WINDOWS\System32\RPCRT4.dll
0x00007ffead9b0000 - 0x00007ffead9e4000 	C:\WINDOWS\SYSTEM32\WINMM.dll
0x00007ffe9f550000 - 0x00007ffe9f559000 	C:\WINDOWS\SYSTEM32\WSOCK32.dll
0x00007ffeb48d0000 - 0x00007ffeb48da000 	C:\WINDOWS\SYSTEM32\VERSION.dll
0x00007ffeb9870000 - 0x00007ffeb98e1000 	C:\WINDOWS\System32\WS2_32.dll
0x00007ffeb5620000 - 0x00007ffeb5638000 	C:\WINDOWS\SYSTEM32\kernel.appcore.dll
0x00007ffeb0dc0000 - 0x00007ffeb0dca000 	C:\Program Files\JetBrains\IntelliJ IDEA 2022.3\jbr\bin\jimage.dll
0x00007ffeb6660000 - 0x00007ffeb688e000 	C:\WINDOWS\SYSTEM32\DBGHELP.DLL
0x00007ffeb8bb0000 - 0x00007ffeb8f39000 	C:\WINDOWS\System32\combase.dll
0x00007ffeb85a0000 - 0x00007ffeb8677000 	C:\WINDOWS\System32\OLEAUT32.dll
0x00007ffeb5cf0000 - 0x00007ffeb5d22000 	C:\WINDOWS\SYSTEM32\dbgcore.DLL
0x00007ffeb73a0000 - 0x00007ffeb741a000 	C:\WINDOWS\System32\bcryptPrimitives.dll
0x00007ffea4650000 - 0x00007ffea4675000 	C:\Program Files\JetBrains\IntelliJ IDEA 2022.3\jbr\bin\java.dll

dbghelp: loaded successfully - version: 4.0.5 - missing functions: none
symbol engine: initialized successfully - sym options: 0x614 - pdb path: .;C:\Program Files\JetBrains\IntelliJ IDEA 2022.3\jbr\bin;C:\WINDOWS\SYSTEM32;C:\WINDOWS\WinSxS\amd64_microsoft.windows.common-controls_6595b64144ccf1df_6.0.22621.1635_none_270f70857386168e;C:\Program Files\JetBrains\IntelliJ IDEA 2022.3\jbr\bin\server

VM Arguments:
java_command: git4idea.http.GitAskPassApp Username for 'https://github.com': 
java_class_path (initial): C:/Program Files/JetBrains/IntelliJ IDEA 2022.3/plugins/vcs-git/lib/git4idea-rt.jar;C:/Program Files/JetBrains/IntelliJ IDEA 2022.3/lib/externalProcess-rt.jar;C:/Program Files/JetBrains/IntelliJ IDEA 2022.3/lib/app.jar;C:/Program Files/JetBrains/IntelliJ IDEA 2022.3/lib/3rd-party-rt.jar
Launcher Type: SUN_STANDARD

[Global flags]
     intx CICompilerCount                          = 4                                         {product} {ergonomic}
     uint ConcGCThreads                            = 2                                         {product} {ergonomic}
     uint G1ConcRefinementThreads                  = 8                                         {product} {ergonomic}
   size_t G1HeapRegionSize                         = 2097152                                   {product} {ergonomic}
    uintx GCDrainStackTargetSize                   = 64                                        {product} {ergonomic}
   size_t InitialHeapSize                          = 268435456                                 {product} {ergonomic}
   size_t MarkStackSize                            = 4194304                                   {product} {ergonomic}
   size_t MaxHeapSize                              = 4265607168                                {product} {ergonomic}
   size_t MinHeapDeltaBytes                        = 2097152                                   {product} {ergonomic}
   size_t MinHeapSize                              = 8388608                                   {product} {ergonomic}
    uintx NonNMethodCodeHeapSize                   = 5839372                                {pd product} {ergonomic}
    uintx NonProfiledCodeHeapSize                  = 122909434                              {pd product} {ergonomic}
    uintx ProfiledCodeHeapSize                     = 122909434                              {pd product} {ergonomic}
    uintx ReservedCodeCacheSize                    = 251658240                              {pd product} {ergonomic}
     bool SegmentedCodeCache                       = true                                      {product} {ergonomic}
   size_t SoftMaxHeapSize                          = 4265607168                             {manageable} {ergonomic}
     bool UseCompressedClassPointers               = true                           {product lp64_product} {ergonomic}
     bool UseCompressedOops                        = true                           {product lp64_product} {ergonomic}
     bool UseG1GC                                  = true                                      {product} {ergonomic}
     bool UseLargePagesIndividualAllocation        = false                                  {pd product} {ergonomic}

Logging:
Log output configuration:
 #0: stdout all=warning uptime,level,tags
 #1: stderr all=off uptime,level,tags

Environment Variables:
JAVA_HOME=C:\Program Files\Java\jdk-11.0.12
PATH=C:\Program Files\Git\mingw64\libexec\git-core;C:\Program Files\Git\mingw64\libexec\git-core;C:\Program Files\Git\mingw64\bin;C:\Program Files\Git\usr\bin;C:\Users\amirh\bin;C:\Program Files (x86)\Razer Chroma SDK\bin;C:\Program Files\Razer Chroma SDK\bin;C:\Program Files (x86)\Razer\ChromaBroadcast\bin;C:\Program Files\Razer\ChromaBroadcast\bin;C:\Python311\Scripts;C:\Python311;C:\Program Files\Common Files\Oracle\Java\javapath;C:\Program Files (x86)\Intel\iCLS Client;C:\Program Files\Intel\iCLS Client;C:\windows\system32;C:\windows;C:\windows\System32\Wbem;C:\windows\System32\WindowsPowerShell\v1.0;C:\Program Files (x86)\Intel\Intel(R) Management Engine Components\DAL;C:\Program Files\Intel\Intel(R) Management Engine Components\DAL;C:\Program Files (x86)\Intel\Intel(R) Management Engine Components\IPT;C:\Program Files\Intel\Intel(R) Management Engine Components\IPT;C:\Program Files (x86)\NVIDIA Corporation\PhysX\Common;C:\Program Files\Intel\WiFi\bin;C:\Program Files\Common Files\Intel\WirelessCommon;C:\WINDOWS\system32;C:\WINDOWS;C:\WINDOWS\System32\Wbem;C:\WINDOWS\System32\WindowsPowerShell\v1.0;C:\WINDOWS\System32\OpenSSH;C:\Program Files\Git\cmd;C:\Program Files\NVIDIA Corporation\NVIDIA NvDLISR;C:\Program Files\Docker\Docker\resources\bin;C:\Program Files\nodejs;C:\ProgramData\chocolatey\bin;C:\Users\amirh\AppData\Local\Android\Sdk\tools;C:\Users\amirh\AppData\Local\Android\Sdk\platform-tools;C:\Program Files (x86)\Groovy\bin;C:\WINDOWS\system32\config\systemprofile\AppData\Local\Microsoft\WindowsApps;C:\Program Files\PuTTY;C:\Program Files\Amazon\AWSCLIV2;C:\Program Files\MySQL\MySQL Utilities 1.6;C:\Program Files\MySQL\MySQL Shell 8.0\bin;C:\Users\amirh\AppData\Local\Microsoft\WindowsApps;C:\Users\amirh\AppData\Local\Programs\Microsoft VS Code\bin;C:\Users\amirh\AppData\Roaming\npm;C:\Program Files\MySQL\MySQL Shell 8.0\bin;C:\Users\amirh\AppData\Local\Microsoft\WindowsApps;C:\Users\amirh\AppData\Local\Programs\Microsoft VS Code\bin;C:\Users\amirh\AppData\
USERNAME=amirh
DISPLAY=:0.0
LC_ALL=en_US.UTF-8
TERM=xterm-256color
TMPDIR=C:\Users\amirh\AppData\Local\Temp
OS=Windows_NT
PROCESSOR_IDENTIFIER=Intel64 Family 6 Model 142 Stepping 10, GenuineIntel
TMP=C:\Users\amirh\AppData\Local\Temp
TEMP=C:\Users\amirh\AppData\Local\Temp



---------------  S Y S T E M  ---------------

OS:
 Windows 11 , 64 bit Build 22621 (10.0.22621.1928)
OS uptime: 2 days 4:44 hours
Hyper-V role detected

CPU: total 8 (initial active 8) (4 cores per cpu, 2 threads per core) family 6 model 142 stepping 10 microcode 0xe0, cx8, cmov, fxsr, ht, mmx, 3dnowpref, sse, sse2, sse3, ssse3, sse4.1, sse4.2, popcnt, lzcnt, tsc, tscinvbit, avx, avx2, aes, erms, clmul, bmi1, bmi2, adx, fma, vzeroupper, clflush, clflushopt, hv

Memory: 4k page, system-wide physical 16270M (851M free)
TotalPageFile size 26270M (AvailPageFile size 57M)
current process WorkingSet (physical memory assigned to process): 11M, peak: 11M
current process commit charge ("private bytes"): 60M, peak: 316M

vm_info: OpenJDK 64-Bit Server VM (17.0.5+1-b653.14) for windows-amd64 JRE (17.0.5+1-b653.14), built on 2022-11-10 by "builduser" with MS VC++ 16.10 / 16.11 (VS2019)

END.
